<?xml version="1.0" encoding="UTF-8"?>
<!-- Generated by org.testng.reporters.JUnitXMLReporter -->
<testsuite ignored="0" hostname="DESKTOP-F40HVPV" failures="0" tests="3" name="Success Test" time="70.984" errors="0" timestamp="19 Oct 2021 14:37:37 GMT">
  <testcase classname="com.hybridFramework.IRALaunchPage.IRAlaunchpage" name="startWithIRA" time="27.201"/>
  <testcase classname="com.hybridFramework.IRALaunchPage.IRAlaunchpage" name="fillForm" time="22.139"/>
  <testcase classname="com.hybridFramework.IRALaunchPage.IRAlaunchpage" name="tryWithNewKeyWords" time="15.577"/>
</testsuite> <!-- Success Test -->
