<?xml version="1.0" encoding="UTF-8"?>
<!-- Generated by org.testng.reporters.JUnitXMLReporter -->
<testsuite ignored="0" hostname="DESKTOP-F40HVPV" failures="0" tests="3" name="Test with some keywords Test" time="69.31" errors="0" timestamp="19 Oct 2021 14:38:56 GMT">
  <testcase classname="com.hybridFramework.IRALaunchPage.IRAInsuranceRenew" name="startWithIRA" time="46.717"/>
  <testcase classname="com.hybridFramework.IRALaunchPage.IRAInsuranceRenew" name="buyNewPolicy" time="11.154"/>
  <testcase classname="com.hybridFramework.IRALaunchPage.IRAInsuranceRenew" name="intimateAClaim" time="8.378"/>
</testsuite> <!-- Test with some keywords Test -->
